<?xml version="1.0" encoding="UTF-8"?>
<testsuite xmlns:xsi="http://www.w3.org/2001/XMLSchema-instance" xsi:noNamespaceSchemaLocation="https://maven.apache.org/surefire/maven-surefire-plugin/xsd/surefire-test-report-3.0.xsd" version="3.0" name="org.acme.quarkus.scala.three.test.QuarkusScalaThreeTest" time="1.51" tests="1" errors="0" skipped="0" failures="0">
  <properties>
    <property name="sun.desktop" value="windows"/>
    <property name="awt.toolkit" value="sun.awt.windows.WToolkit"/>
    <property name="java.specification.version" value="11"/>
    <property name="sun.cpu.isalist" value="amd64"/>
    <property name="sun.jnu.encoding" value="Cp1252"/>
    <property name="java.class.path" value="C:\Users\rayga\Projects\tmp\quarkus-scala-three\deployment\target\test-classes;C:\Users\rayga\Projects\tmp\quarkus-scala-three\deployment\target\classes;C:\Users\rayga\.m2\repository\io\quarkus\quarkus-arc-deployment\2.0.0.Final\quarkus-arc-deployment-2.0.0.Final.jar;C:\Users\rayga\.m2\repository\io\quarkus\quarkus-core-deployment\2.0.0.Final\quarkus-core-deployment-2.0.0.Final.jar;C:\Users\rayga\.m2\repository\org\aesh\readline\2.1\readline-2.1.jar;C:\Users\rayga\.m2\repository\org\fusesource\jansi\jansi\1.18\jansi-1.18.jar;C:\Users\rayga\.m2\repository\org\apache\commons\commons-lang3\3.12.0\commons-lang3-3.12.0.jar;C:\Users\rayga\.m2\repository\org\wildfly\common\wildfly-common\1.5.4.Final-format-001\wildfly-common-1.5.4.Final-format-001.jar;C:\Users\rayga\.m2\repository\io\quarkus\gizmo\gizmo\1.0.9.Final\gizmo-1.0.9.Final.jar;C:\Users\rayga\.m2\repository\org\ow2\asm\asm-util\9.1\asm-util-9.1.jar;C:\Users\rayga\.m2\repository\org\ow2\asm\asm-tree\9.1\asm-tree-9.1.jar;C:\Users\rayga\.m2\repository\org\ow2\asm\asm-analysis\9.1\asm-analysis-9.1.jar;C:\Users\rayga\.m2\repository\org\jboss\jandex\2.3.0.Final\jandex-2.3.0.Final.jar;C:\Users\rayga\.m2\repository\org\ow2\asm\asm\9.1\asm-9.1.jar;C:\Users\rayga\.m2\repository\io\quarkus\quarkus-development-mode-spi\2.0.0.Final\quarkus-development-mode-spi-2.0.0.Final.jar;C:\Users\rayga\.m2\repository\io\quarkus\quarkus-class-change-agent\2.0.0.Final\quarkus-class-change-agent-2.0.0.Final.jar;C:\Users\rayga\.m2\repository\io\quarkus\quarkus-bootstrap-core\2.0.0.Final\quarkus-bootstrap-core-2.0.0.Final.jar;C:\Users\rayga\.m2\repository\io\quarkus\quarkus-bootstrap-app-model\2.0.0.Final\quarkus-bootstrap-app-model-2.0.0.Final.jar;C:\Users\rayga\.m2\repository\io\quarkus\quarkus-bootstrap-maven-resolver\2.0.0.Final\quarkus-bootstrap-maven-resolver-2.0.0.Final.jar;C:\Users\rayga\.m2\repository\org\apache\maven\maven-embedder\3.8.1\maven-embedder-3.8.1.jar;C:\Users\rayga\.m2\repository\org\apache\maven\maven-settings\3.8.1\maven-settings-3.8.1.jar;C:\Users\rayga\.m2\repository\org\apache\maven\maven-core\3.8.1\maven-core-3.8.1.jar;C:\Users\rayga\.m2\repository\org\apache\maven\maven-artifact\3.8.1\maven-artifact-3.8.1.jar;C:\Users\rayga\.m2\repository\org\codehaus\plexus\plexus-component-annotations\2.1.0\plexus-component-annotations-2.1.0.jar;C:\Users\rayga\.m2\repository\org\apache\maven\maven-plugin-api\3.8.1\maven-plugin-api-3.8.1.jar;C:\Users\rayga\.m2\repository\org\apache\maven\maven-model\3.8.1\maven-model-3.8.1.jar;C:\Users\rayga\.m2\repository\org\apache\maven\maven-model-builder\3.8.1\maven-model-builder-3.8.1.jar;C:\Users\rayga\.m2\repository\org\apache\maven\maven-builder-support\3.8.1\maven-builder-support-3.8.1.jar;C:\Users\rayga\.m2\repository\org\apache\maven\resolver\maven-resolver-api\1.6.2\maven-resolver-api-1.6.2.jar;C:\Users\rayga\.m2\repository\org\apache\maven\resolver\maven-resolver-util\1.6.2\maven-resolver-util-1.6.2.jar;C:\Users\rayga\.m2\repository\org\apache\maven\shared\maven-shared-utils\3.2.1\maven-shared-utils-3.2.1.jar;C:\Users\rayga\.m2\repository\commons-io\commons-io\2.8.0\commons-io-2.8.0.jar;C:\Users\rayga\.m2\repository\com\google\inject\guice\4.2.1\guice-4.2.1-no_aop.jar;C:\Users\rayga\.m2\repository\com\google\guava\guava\30.1.1-jre\guava-30.1.1-jre.jar;C:\Users\rayga\.m2\repository\com\google\guava\failureaccess\1.0.1\failureaccess-1.0.1.jar;C:\Users\rayga\.m2\repository\com\google\guava\listenablefuture\9999.0-empty-to-avoid-conflict-with-guava\listenablefuture-9999.0-empty-to-avoid-conflict-with-guava.jar;C:\Users\rayga\.m2\repository\org\codehaus\plexus\plexus-utils\3.2.1\plexus-utils-3.2.1.jar;C:\Users\rayga\.m2\repository\org\codehaus\plexus\plexus-classworlds\2.6.0\plexus-classworlds-2.6.0.jar;C:\Users\rayga\.m2\repository\commons-cli\commons-cli\1.4\commons-cli-1.4.jar;C:\Users\rayga\.m2\repository\org\eclipse\sisu\org.eclipse.sisu.plexus\0.3.4\org.eclipse.sisu.plexus-0.3.4.jar;C:\Users\rayga\.m2\repository\org\apache\maven\maven-settings-builder\3.8.1\maven-settings-builder-3.8.1.jar;C:\Users\rayga\.m2\repository\org\codehaus\plexus\plexus-interpolation\1.25\plexus-interpolation-1.25.jar;C:\Users\rayga\.m2\repository\org\sonatype\plexus\plexus-sec-dispatcher\1.4\plexus-sec-dispatcher-1.4.jar;C:\Users\rayga\.m2\repository\org\sonatype\plexus\plexus-cipher\1.4\plexus-cipher-1.4.jar;C:\Users\rayga\.m2\repository\org\apache\maven\maven-resolver-provider\3.8.1\maven-resolver-provider-3.8.1.jar;C:\Users\rayga\.m2\repository\org\apache\maven\maven-repository-metadata\3.8.1\maven-repository-metadata-3.8.1.jar;C:\Users\rayga\.m2\repository\org\apache\maven\resolver\maven-resolver-spi\1.6.2\maven-resolver-spi-1.6.2.jar;C:\Users\rayga\.m2\repository\org\apache\maven\resolver\maven-resolver-impl\1.6.2\maven-resolver-impl-1.6.2.jar;C:\Users\rayga\.m2\repository\org\apache\maven\resolver\maven-resolver-connector-basic\1.6.2\maven-resolver-connector-basic-1.6.2.jar;C:\Users\rayga\.m2\repository\org\apache\maven\resolver\maven-resolver-transport-wagon\1.6.2\maven-resolver-transport-wagon-1.6.2.jar;C:\Users\rayga\.m2\repository\org\apache\maven\wagon\wagon-http\3.4.3\wagon-http-3.4.3.jar;C:\Users\rayga\.m2\repository\org\apache\maven\wagon\wagon-http-shared\3.4.3\wagon-http-shared-3.4.3.jar;C:\Users\rayga\.m2\repository\org\jsoup\jsoup\1.12.1\jsoup-1.12.1.jar;C:\Users\rayga\.m2\repository\org\apache\httpcomponents\httpclient\4.5.13\httpclient-4.5.13.jar;C:\Users\rayga\.m2\repository\commons-codec\commons-codec\1.15\commons-codec-1.15.jar;C:\Users\rayga\.m2\repository\org\apache\httpcomponents\httpcore\4.4.14\httpcore-4.4.14.jar;C:\Users\rayga\.m2\repository\org\apache\maven\wagon\wagon-provider-api\3.4.3\wagon-provider-api-3.4.3.jar;C:\Users\rayga\.m2\repository\org\apache\maven\wagon\wagon-file\3.4.3\wagon-file-3.4.3.jar;C:\Users\rayga\.m2\repository\io\quarkus\quarkus-bootstrap-gradle-resolver\2.0.0.Final\quarkus-bootstrap-gradle-resolver-2.0.0.Final.jar;C:\Users\rayga\.m2\repository\io\smallrye\common\smallrye-common-io\1.6.0\smallrye-common-io-1.6.0.jar;C:\Users\rayga\.m2\repository\org\eclipse\sisu\org.eclipse.sisu.inject\0.3.4\org.eclipse.sisu.inject-0.3.4.jar;C:\Users\rayga\.m2\repository\io\quarkus\quarkus-builder\2.0.0.Final\quarkus-builder-2.0.0.Final.jar;C:\Users\rayga\.m2\repository\org\graalvm\sdk\graal-sdk\21.1.0\graal-sdk-21.1.0.jar;C:\Users\rayga\.m2\repository\org\junit\platform\junit-platform-launcher\1.7.2\junit-platform-launcher-1.7.2.jar;C:\Users\rayga\.m2\repository\org\junit\jupiter\junit-jupiter\5.7.2\junit-jupiter-5.7.2.jar;C:\Users\rayga\.m2\repository\io\quarkus\quarkus-vertx-http-dev-console-spi\2.0.0.Final\quarkus-vertx-http-dev-console-spi-2.0.0.Final.jar;C:\Users\rayga\.m2\repository\io\quarkus\quarkus-vertx-http-dev-console-runtime-spi\2.0.0.Final\quarkus-vertx-http-dev-console-runtime-spi-2.0.0.Final.jar;C:\Users\rayga\.m2\repository\io\quarkus\arc\arc\2.0.0.Final\arc-2.0.0.Final.jar;C:\Users\rayga\.m2\repository\jakarta\transaction\jakarta.transaction-api\1.3.3\jakarta.transaction-api-1.3.3.jar;C:\Users\rayga\.m2\repository\io\vertx\vertx-web\4.1.0\vertx-web-4.1.0.jar;C:\Users\rayga\.m2\repository\io\vertx\vertx-web-common\4.1.0\vertx-web-common-4.1.0.jar;C:\Users\rayga\.m2\repository\io\vertx\vertx-auth-common\4.1.0\vertx-auth-common-4.1.0.jar;C:\Users\rayga\.m2\repository\io\vertx\vertx-bridge-common\4.1.0\vertx-bridge-common-4.1.0.jar;C:\Users\rayga\.m2\repository\io\vertx\vertx-core\4.1.0\vertx-core-4.1.0.jar;C:\Users\rayga\.m2\repository\io\netty\netty-common\4.1.65.Final\netty-common-4.1.65.Final.jar;C:\Users\rayga\.m2\repository\io\netty\netty-buffer\4.1.65.Final\netty-buffer-4.1.65.Final.jar;C:\Users\rayga\.m2\repository\io\netty\netty-transport\4.1.65.Final\netty-transport-4.1.65.Final.jar;C:\Users\rayga\.m2\repository\io\netty\netty-handler\4.1.65.Final\netty-handler-4.1.65.Final.jar;C:\Users\rayga\.m2\repository\io\netty\netty-codec\4.1.65.Final\netty-codec-4.1.65.Final.jar;C:\Users\rayga\.m2\repository\io\netty\netty-handler-proxy\4.1.65.Final\netty-handler-proxy-4.1.65.Final.jar;C:\Users\rayga\.m2\repository\io\netty\netty-codec-socks\4.1.65.Final\netty-codec-socks-4.1.65.Final.jar;C:\Users\rayga\.m2\repository\io\netty\netty-codec-http\4.1.65.Final\netty-codec-http-4.1.65.Final.jar;C:\Users\rayga\.m2\repository\io\netty\netty-codec-http2\4.1.65.Final\netty-codec-http2-4.1.65.Final.jar;C:\Users\rayga\.m2\repository\io\netty\netty-resolver\4.1.65.Final\netty-resolver-4.1.65.Final.jar;C:\Users\rayga\.m2\repository\io\netty\netty-resolver-dns\4.1.65.Final\netty-resolver-dns-4.1.65.Final.jar;C:\Users\rayga\.m2\repository\io\netty\netty-codec-dns\4.1.65.Final\netty-codec-dns-4.1.65.Final.jar;C:\Users\rayga\.m2\repository\com\fasterxml\jackson\core\jackson-core\2.12.3\jackson-core-2.12.3.jar;C:\Users\rayga\.m2\repository\io\quarkus\quarkus-arc\2.0.0.Final\quarkus-arc-2.0.0.Final.jar;C:\Users\rayga\.m2\repository\org\eclipse\microprofile\context-propagation\microprofile-context-propagation-api\1.2\microprofile-context-propagation-api-1.2.jar;C:\Users\rayga\.m2\repository\io\quarkus\arc\arc-processor\2.0.0.Final\arc-processor-2.0.0.Final.jar;C:\Users\rayga\.m2\repository\org\jboss\logging\jboss-logging\3.4.2.Final\jboss-logging-3.4.2.Final.jar;C:\Users\rayga\.m2\repository\jakarta\annotation\jakarta.annotation-api\1.3.5\jakarta.annotation-api-1.3.5.jar;C:\Users\rayga\Projects\tmp\quarkus-scala-three\runtime\target\quarkus-scala-three-1.0.0-SNAPSHOT.jar;C:\Users\rayga\.m2\repository\io\quarkus\quarkus-junit5-internal\2.0.0.Final\quarkus-junit5-internal-2.0.0.Final.jar;C:\Users\rayga\.m2\repository\org\jboss\shrinkwrap\shrinkwrap-api\1.2.6\shrinkwrap-api-1.2.6.jar;C:\Users\rayga\.m2\repository\org\jboss\shrinkwrap\shrinkwrap-spi\1.2.6\shrinkwrap-spi-1.2.6.jar;C:\Users\rayga\.m2\repository\org\jboss\shrinkwrap\shrinkwrap-impl-base\1.2.6\shrinkwrap-impl-base-1.2.6.jar;C:\Users\rayga\.m2\repository\org\junit\jupiter\junit-jupiter-api\5.7.2\junit-jupiter-api-5.7.2.jar;C:\Users\rayga\.m2\repository\org\apiguardian\apiguardian-api\1.1.0\apiguardian-api-1.1.0.jar;C:\Users\rayga\.m2\repository\org\opentest4j\opentest4j\1.2.0\opentest4j-1.2.0.jar;C:\Users\rayga\.m2\repository\org\junit\platform\junit-platform-commons\1.7.2\junit-platform-commons-1.7.2.jar;C:\Users\rayga\.m2\repository\org\junit\jupiter\junit-jupiter-params\5.7.2\junit-jupiter-params-5.7.2.jar;C:\Users\rayga\.m2\repository\org\junit\jupiter\junit-jupiter-engine\5.7.2\junit-jupiter-engine-5.7.2.jar;C:\Users\rayga\.m2\repository\org\junit\platform\junit-platform-engine\1.7.2\junit-platform-engine-1.7.2.jar;C:\Users\rayga\.m2\repository\io\quarkus\quarkus-core\2.0.0.Final\quarkus-core-2.0.0.Final.jar;C:\Users\rayga\.m2\repository\jakarta\inject\jakarta.inject-api\1.0\jakarta.inject-api-1.0.jar;C:\Users\rayga\.m2\repository\io\quarkus\quarkus-ide-launcher\2.0.0.Final\quarkus-ide-launcher-2.0.0.Final.jar;C:\Users\rayga\.m2\repository\io\smallrye\config\smallrye-config\2.3.0\smallrye-config-2.3.0.jar;C:\Users\rayga\.m2\repository\io\smallrye\config\smallrye-config-core\2.3.0\smallrye-config-core-2.3.0.jar;C:\Users\rayga\.m2\repository\org\eclipse\microprofile\config\microprofile-config-api\2.0\microprofile-config-api-2.0.jar;C:\Users\rayga\.m2\repository\io\smallrye\common\smallrye-common-annotation\1.6.0\smallrye-common-annotation-1.6.0.jar;C:\Users\rayga\.m2\repository\io\smallrye\common\smallrye-common-expression\1.6.0\smallrye-common-expression-1.6.0.jar;C:\Users\rayga\.m2\repository\io\smallrye\common\smallrye-common-function\1.6.0\smallrye-common-function-1.6.0.jar;C:\Users\rayga\.m2\repository\io\smallrye\common\smallrye-common-constraint\1.6.0\smallrye-common-constraint-1.6.0.jar;C:\Users\rayga\.m2\repository\io\smallrye\common\smallrye-common-classloader\1.6.0\smallrye-common-classloader-1.6.0.jar;C:\Users\rayga\.m2\repository\io\smallrye\config\smallrye-config-common\2.3.0\smallrye-config-common-2.3.0.jar;C:\Users\rayga\.m2\repository\org\jboss\logmanager\jboss-logmanager-embedded\1.0.9\jboss-logmanager-embedded-1.0.9.jar;C:\Users\rayga\.m2\repository\org\jboss\logging\jboss-logging-annotations\2.2.1.Final\jboss-logging-annotations-2.2.1.Final.jar;C:\Users\rayga\.m2\repository\org\jboss\threads\jboss-threads\3.4.0.Final\jboss-threads-3.4.0.Final.jar;C:\Users\rayga\.m2\repository\org\slf4j\slf4j-api\1.7.30\slf4j-api-1.7.30.jar;C:\Users\rayga\.m2\repository\org\jboss\slf4j\slf4j-jboss-logmanager\1.1.0.Final\slf4j-jboss-logmanager-1.1.0.Final.jar;C:\Users\rayga\.m2\repository\io\quarkus\quarkus-bootstrap-runner\2.0.0.Final\quarkus-bootstrap-runner-2.0.0.Final.jar;C:\Users\rayga\.m2\repository\io\quarkus\quarkus-test-common\2.0.0.Final\quarkus-test-common-2.0.0.Final.jar;C:\Users\rayga\.m2\repository\io\quarkus\quarkus-jsonp-deployment\2.0.0.Final\quarkus-jsonp-deployment-2.0.0.Final.jar;C:\Users\rayga\.m2\repository\io\quarkus\quarkus-jsonp\2.0.0.Final\quarkus-jsonp-2.0.0.Final.jar;C:\Users\rayga\.m2\repository\org\glassfish\jakarta.json\1.1.6\jakarta.json-1.1.6.jar;C:\Users\rayga\.m2\repository\org\jboss\logging\commons-logging-jboss-logging\1.0.0.Final\commons-logging-jboss-logging-1.0.0.Final.jar;C:\Users\rayga\.m2\repository\jakarta\enterprise\jakarta.enterprise.cdi-api\2.0.2\jakarta.enterprise.cdi-api-2.0.2.jar;C:\Users\rayga\.m2\repository\jakarta\el\jakarta.el-api\3.0.3\jakarta.el-api-3.0.3.jar;C:\Users\rayga\.m2\repository\jakarta\interceptor\jakarta.interceptor-api\1.2.5\jakarta.interceptor-api-1.2.5.jar;C:\Users\rayga\.m2\repository\io\quarkus\quarkus-devtools-utilities\2.0.0.Final\quarkus-devtools-utilities-2.0.0.Final.jar;C:\Users\rayga\.m2\repository\org\scala-lang\scala3-compiler_3\3.0.1-RC2\scala3-compiler_3-3.0.1-RC2.jar;C:\Users\rayga\.m2\repository\org\scala-lang\scala3-interfaces\3.0.1-RC2\scala3-interfaces-3.0.1-RC2.jar;C:\Users\rayga\.m2\repository\org\scala-lang\scala3-library_3\3.0.1-RC2\scala3-library_3-3.0.1-RC2.jar;C:\Users\rayga\.m2\repository\org\scala-lang\scala-library\2.12.13\scala-library-2.12.13.jar;C:\Users\rayga\.m2\repository\org\scala-lang\tasty-core_3\3.0.1-RC2\tasty-core_3-3.0.1-RC2.jar;C:\Users\rayga\.m2\repository\org\scala-lang\modules\scala-asm\9.1.0-scala-1\scala-asm-9.1.0-scala-1.jar;C:\Users\rayga\.m2\repository\org\scala-sbt\compiler-interface\1.3.5\compiler-interface-1.3.5.jar;C:\Users\rayga\.m2\repository\com\google\protobuf\protobuf-java\3.14.0\protobuf-java-3.14.0.jar;C:\Users\rayga\.m2\repository\org\scala-sbt\util-interface\1.3.0\util-interface-1.3.0.jar;C:\Users\rayga\.m2\repository\org\jline\jline-reader\3.19.0\jline-reader-3.19.0.jar;C:\Users\rayga\.m2\repository\org\jline\jline-terminal\3.19.0\jline-terminal-3.19.0.jar;C:\Users\rayga\.m2\repository\org\jline\jline-terminal-jna\3.19.0\jline-terminal-jna-3.19.0.jar;C:\Users\rayga\.m2\repository\net\java\dev\jna\jna\5.3.1\jna-5.3.1.jar;"/>
    <property name="java.vm.vendor" value="GraalVM Community"/>
    <property name="sun.arch.data.model" value="64"/>
    <property name="user.variant" value=""/>
    <property name="java.vendor.url" value="https://www.graalvm.org/"/>
    <property name="user.timezone" value="America/New_York"/>
    <property name="java.vm.specification.version" value="11"/>
    <property name="os.name" value="Windows 10"/>
    <property name="sun.java.launcher" value="SUN_STANDARD"/>
    <property name="user.country" value="US"/>
    <property name="sun.boot.library.path" value="C:\GraalVM\graalvm-ce-java11-21.2.0-dev\bin"/>
    <property name="sun.java.command" value="C:\Users\rayga\AppData\Local\Temp\surefire14251770010065551019\surefirebooter15508569741579400166.jar C:\Users\rayga\AppData\Local\Temp\surefire14251770010065551019 2021-06-30T21-13-43_330-jvmRun1 surefire950124870863165902tmp surefire_013708998572882521346tmp"/>
    <property name="jdk.debug" value="release"/>
    <property name="maven.home" value="C:\Program Files\apache-maven-3.8.1"/>
    <property name="surefire.test.class.path" value="C:\Users\rayga\Projects\tmp\quarkus-scala-three\deployment\target\test-classes;C:\Users\rayga\Projects\tmp\quarkus-scala-three\deployment\target\classes;C:\Users\rayga\.m2\repository\io\quarkus\quarkus-arc-deployment\2.0.0.Final\quarkus-arc-deployment-2.0.0.Final.jar;C:\Users\rayga\.m2\repository\io\quarkus\quarkus-core-deployment\2.0.0.Final\quarkus-core-deployment-2.0.0.Final.jar;C:\Users\rayga\.m2\repository\org\aesh\readline\2.1\readline-2.1.jar;C:\Users\rayga\.m2\repository\org\fusesource\jansi\jansi\1.18\jansi-1.18.jar;C:\Users\rayga\.m2\repository\org\apache\commons\commons-lang3\3.12.0\commons-lang3-3.12.0.jar;C:\Users\rayga\.m2\repository\org\wildfly\common\wildfly-common\1.5.4.Final-format-001\wildfly-common-1.5.4.Final-format-001.jar;C:\Users\rayga\.m2\repository\io\quarkus\gizmo\gizmo\1.0.9.Final\gizmo-1.0.9.Final.jar;C:\Users\rayga\.m2\repository\org\ow2\asm\asm-util\9.1\asm-util-9.1.jar;C:\Users\rayga\.m2\repository\org\ow2\asm\asm-tree\9.1\asm-tree-9.1.jar;C:\Users\rayga\.m2\repository\org\ow2\asm\asm-analysis\9.1\asm-analysis-9.1.jar;C:\Users\rayga\.m2\repository\org\jboss\jandex\2.3.0.Final\jandex-2.3.0.Final.jar;C:\Users\rayga\.m2\repository\org\ow2\asm\asm\9.1\asm-9.1.jar;C:\Users\rayga\.m2\repository\io\quarkus\quarkus-development-mode-spi\2.0.0.Final\quarkus-development-mode-spi-2.0.0.Final.jar;C:\Users\rayga\.m2\repository\io\quarkus\quarkus-class-change-agent\2.0.0.Final\quarkus-class-change-agent-2.0.0.Final.jar;C:\Users\rayga\.m2\repository\io\quarkus\quarkus-bootstrap-core\2.0.0.Final\quarkus-bootstrap-core-2.0.0.Final.jar;C:\Users\rayga\.m2\repository\io\quarkus\quarkus-bootstrap-app-model\2.0.0.Final\quarkus-bootstrap-app-model-2.0.0.Final.jar;C:\Users\rayga\.m2\repository\io\quarkus\quarkus-bootstrap-maven-resolver\2.0.0.Final\quarkus-bootstrap-maven-resolver-2.0.0.Final.jar;C:\Users\rayga\.m2\repository\org\apache\maven\maven-embedder\3.8.1\maven-embedder-3.8.1.jar;C:\Users\rayga\.m2\repository\org\apache\maven\maven-settings\3.8.1\maven-settings-3.8.1.jar;C:\Users\rayga\.m2\repository\org\apache\maven\maven-core\3.8.1\maven-core-3.8.1.jar;C:\Users\rayga\.m2\repository\org\apache\maven\maven-artifact\3.8.1\maven-artifact-3.8.1.jar;C:\Users\rayga\.m2\repository\org\codehaus\plexus\plexus-component-annotations\2.1.0\plexus-component-annotations-2.1.0.jar;C:\Users\rayga\.m2\repository\org\apache\maven\maven-plugin-api\3.8.1\maven-plugin-api-3.8.1.jar;C:\Users\rayga\.m2\repository\org\apache\maven\maven-model\3.8.1\maven-model-3.8.1.jar;C:\Users\rayga\.m2\repository\org\apache\maven\maven-model-builder\3.8.1\maven-model-builder-3.8.1.jar;C:\Users\rayga\.m2\repository\org\apache\maven\maven-builder-support\3.8.1\maven-builder-support-3.8.1.jar;C:\Users\rayga\.m2\repository\org\apache\maven\resolver\maven-resolver-api\1.6.2\maven-resolver-api-1.6.2.jar;C:\Users\rayga\.m2\repository\org\apache\maven\resolver\maven-resolver-util\1.6.2\maven-resolver-util-1.6.2.jar;C:\Users\rayga\.m2\repository\org\apache\maven\shared\maven-shared-utils\3.2.1\maven-shared-utils-3.2.1.jar;C:\Users\rayga\.m2\repository\commons-io\commons-io\2.8.0\commons-io-2.8.0.jar;C:\Users\rayga\.m2\repository\com\google\inject\guice\4.2.1\guice-4.2.1-no_aop.jar;C:\Users\rayga\.m2\repository\com\google\guava\guava\30.1.1-jre\guava-30.1.1-jre.jar;C:\Users\rayga\.m2\repository\com\google\guava\failureaccess\1.0.1\failureaccess-1.0.1.jar;C:\Users\rayga\.m2\repository\com\google\guava\listenablefuture\9999.0-empty-to-avoid-conflict-with-guava\listenablefuture-9999.0-empty-to-avoid-conflict-with-guava.jar;C:\Users\rayga\.m2\repository\org\codehaus\plexus\plexus-utils\3.2.1\plexus-utils-3.2.1.jar;C:\Users\rayga\.m2\repository\org\codehaus\plexus\plexus-classworlds\2.6.0\plexus-classworlds-2.6.0.jar;C:\Users\rayga\.m2\repository\commons-cli\commons-cli\1.4\commons-cli-1.4.jar;C:\Users\rayga\.m2\repository\org\eclipse\sisu\org.eclipse.sisu.plexus\0.3.4\org.eclipse.sisu.plexus-0.3.4.jar;C:\Users\rayga\.m2\repository\org\apache\maven\maven-settings-builder\3.8.1\maven-settings-builder-3.8.1.jar;C:\Users\rayga\.m2\repository\org\codehaus\plexus\plexus-interpolation\1.25\plexus-interpolation-1.25.jar;C:\Users\rayga\.m2\repository\org\sonatype\plexus\plexus-sec-dispatcher\1.4\plexus-sec-dispatcher-1.4.jar;C:\Users\rayga\.m2\repository\org\sonatype\plexus\plexus-cipher\1.4\plexus-cipher-1.4.jar;C:\Users\rayga\.m2\repository\org\apache\maven\maven-resolver-provider\3.8.1\maven-resolver-provider-3.8.1.jar;C:\Users\rayga\.m2\repository\org\apache\maven\maven-repository-metadata\3.8.1\maven-repository-metadata-3.8.1.jar;C:\Users\rayga\.m2\repository\org\apache\maven\resolver\maven-resolver-spi\1.6.2\maven-resolver-spi-1.6.2.jar;C:\Users\rayga\.m2\repository\org\apache\maven\resolver\maven-resolver-impl\1.6.2\maven-resolver-impl-1.6.2.jar;C:\Users\rayga\.m2\repository\org\apache\maven\resolver\maven-resolver-connector-basic\1.6.2\maven-resolver-connector-basic-1.6.2.jar;C:\Users\rayga\.m2\repository\org\apache\maven\resolver\maven-resolver-transport-wagon\1.6.2\maven-resolver-transport-wagon-1.6.2.jar;C:\Users\rayga\.m2\repository\org\apache\maven\wagon\wagon-http\3.4.3\wagon-http-3.4.3.jar;C:\Users\rayga\.m2\repository\org\apache\maven\wagon\wagon-http-shared\3.4.3\wagon-http-shared-3.4.3.jar;C:\Users\rayga\.m2\repository\org\jsoup\jsoup\1.12.1\jsoup-1.12.1.jar;C:\Users\rayga\.m2\repository\org\apache\httpcomponents\httpclient\4.5.13\httpclient-4.5.13.jar;C:\Users\rayga\.m2\repository\commons-codec\commons-codec\1.15\commons-codec-1.15.jar;C:\Users\rayga\.m2\repository\org\apache\httpcomponents\httpcore\4.4.14\httpcore-4.4.14.jar;C:\Users\rayga\.m2\repository\org\apache\maven\wagon\wagon-provider-api\3.4.3\wagon-provider-api-3.4.3.jar;C:\Users\rayga\.m2\repository\org\apache\maven\wagon\wagon-file\3.4.3\wagon-file-3.4.3.jar;C:\Users\rayga\.m2\repository\io\quarkus\quarkus-bootstrap-gradle-resolver\2.0.0.Final\quarkus-bootstrap-gradle-resolver-2.0.0.Final.jar;C:\Users\rayga\.m2\repository\io\smallrye\common\smallrye-common-io\1.6.0\smallrye-common-io-1.6.0.jar;C:\Users\rayga\.m2\repository\org\eclipse\sisu\org.eclipse.sisu.inject\0.3.4\org.eclipse.sisu.inject-0.3.4.jar;C:\Users\rayga\.m2\repository\io\quarkus\quarkus-builder\2.0.0.Final\quarkus-builder-2.0.0.Final.jar;C:\Users\rayga\.m2\repository\org\graalvm\sdk\graal-sdk\21.1.0\graal-sdk-21.1.0.jar;C:\Users\rayga\.m2\repository\org\junit\platform\junit-platform-launcher\1.7.2\junit-platform-launcher-1.7.2.jar;C:\Users\rayga\.m2\repository\org\junit\jupiter\junit-jupiter\5.7.2\junit-jupiter-5.7.2.jar;C:\Users\rayga\.m2\repository\io\quarkus\quarkus-vertx-http-dev-console-spi\2.0.0.Final\quarkus-vertx-http-dev-console-spi-2.0.0.Final.jar;C:\Users\rayga\.m2\repository\io\quarkus\quarkus-vertx-http-dev-console-runtime-spi\2.0.0.Final\quarkus-vertx-http-dev-console-runtime-spi-2.0.0.Final.jar;C:\Users\rayga\.m2\repository\io\quarkus\arc\arc\2.0.0.Final\arc-2.0.0.Final.jar;C:\Users\rayga\.m2\repository\jakarta\transaction\jakarta.transaction-api\1.3.3\jakarta.transaction-api-1.3.3.jar;C:\Users\rayga\.m2\repository\io\vertx\vertx-web\4.1.0\vertx-web-4.1.0.jar;C:\Users\rayga\.m2\repository\io\vertx\vertx-web-common\4.1.0\vertx-web-common-4.1.0.jar;C:\Users\rayga\.m2\repository\io\vertx\vertx-auth-common\4.1.0\vertx-auth-common-4.1.0.jar;C:\Users\rayga\.m2\repository\io\vertx\vertx-bridge-common\4.1.0\vertx-bridge-common-4.1.0.jar;C:\Users\rayga\.m2\repository\io\vertx\vertx-core\4.1.0\vertx-core-4.1.0.jar;C:\Users\rayga\.m2\repository\io\netty\netty-common\4.1.65.Final\netty-common-4.1.65.Final.jar;C:\Users\rayga\.m2\repository\io\netty\netty-buffer\4.1.65.Final\netty-buffer-4.1.65.Final.jar;C:\Users\rayga\.m2\repository\io\netty\netty-transport\4.1.65.Final\netty-transport-4.1.65.Final.jar;C:\Users\rayga\.m2\repository\io\netty\netty-handler\4.1.65.Final\netty-handler-4.1.65.Final.jar;C:\Users\rayga\.m2\repository\io\netty\netty-codec\4.1.65.Final\netty-codec-4.1.65.Final.jar;C:\Users\rayga\.m2\repository\io\netty\netty-handler-proxy\4.1.65.Final\netty-handler-proxy-4.1.65.Final.jar;C:\Users\rayga\.m2\repository\io\netty\netty-codec-socks\4.1.65.Final\netty-codec-socks-4.1.65.Final.jar;C:\Users\rayga\.m2\repository\io\netty\netty-codec-http\4.1.65.Final\netty-codec-http-4.1.65.Final.jar;C:\Users\rayga\.m2\repository\io\netty\netty-codec-http2\4.1.65.Final\netty-codec-http2-4.1.65.Final.jar;C:\Users\rayga\.m2\repository\io\netty\netty-resolver\4.1.65.Final\netty-resolver-4.1.65.Final.jar;C:\Users\rayga\.m2\repository\io\netty\netty-resolver-dns\4.1.65.Final\netty-resolver-dns-4.1.65.Final.jar;C:\Users\rayga\.m2\repository\io\netty\netty-codec-dns\4.1.65.Final\netty-codec-dns-4.1.65.Final.jar;C:\Users\rayga\.m2\repository\com\fasterxml\jackson\core\jackson-core\2.12.3\jackson-core-2.12.3.jar;C:\Users\rayga\.m2\repository\io\quarkus\quarkus-arc\2.0.0.Final\quarkus-arc-2.0.0.Final.jar;C:\Users\rayga\.m2\repository\org\eclipse\microprofile\context-propagation\microprofile-context-propagation-api\1.2\microprofile-context-propagation-api-1.2.jar;C:\Users\rayga\.m2\repository\io\quarkus\arc\arc-processor\2.0.0.Final\arc-processor-2.0.0.Final.jar;C:\Users\rayga\.m2\repository\org\jboss\logging\jboss-logging\3.4.2.Final\jboss-logging-3.4.2.Final.jar;C:\Users\rayga\.m2\repository\jakarta\annotation\jakarta.annotation-api\1.3.5\jakarta.annotation-api-1.3.5.jar;C:\Users\rayga\Projects\tmp\quarkus-scala-three\runtime\target\quarkus-scala-three-1.0.0-SNAPSHOT.jar;C:\Users\rayga\.m2\repository\io\quarkus\quarkus-junit5-internal\2.0.0.Final\quarkus-junit5-internal-2.0.0.Final.jar;C:\Users\rayga\.m2\repository\org\jboss\shrinkwrap\shrinkwrap-api\1.2.6\shrinkwrap-api-1.2.6.jar;C:\Users\rayga\.m2\repository\org\jboss\shrinkwrap\shrinkwrap-spi\1.2.6\shrinkwrap-spi-1.2.6.jar;C:\Users\rayga\.m2\repository\org\jboss\shrinkwrap\shrinkwrap-impl-base\1.2.6\shrinkwrap-impl-base-1.2.6.jar;C:\Users\rayga\.m2\repository\org\junit\jupiter\junit-jupiter-api\5.7.2\junit-jupiter-api-5.7.2.jar;C:\Users\rayga\.m2\repository\org\apiguardian\apiguardian-api\1.1.0\apiguardian-api-1.1.0.jar;C:\Users\rayga\.m2\repository\org\opentest4j\opentest4j\1.2.0\opentest4j-1.2.0.jar;C:\Users\rayga\.m2\repository\org\junit\platform\junit-platform-commons\1.7.2\junit-platform-commons-1.7.2.jar;C:\Users\rayga\.m2\repository\org\junit\jupiter\junit-jupiter-params\5.7.2\junit-jupiter-params-5.7.2.jar;C:\Users\rayga\.m2\repository\org\junit\jupiter\junit-jupiter-engine\5.7.2\junit-jupiter-engine-5.7.2.jar;C:\Users\rayga\.m2\repository\org\junit\platform\junit-platform-engine\1.7.2\junit-platform-engine-1.7.2.jar;C:\Users\rayga\.m2\repository\io\quarkus\quarkus-core\2.0.0.Final\quarkus-core-2.0.0.Final.jar;C:\Users\rayga\.m2\repository\jakarta\inject\jakarta.inject-api\1.0\jakarta.inject-api-1.0.jar;C:\Users\rayga\.m2\repository\io\quarkus\quarkus-ide-launcher\2.0.0.Final\quarkus-ide-launcher-2.0.0.Final.jar;C:\Users\rayga\.m2\repository\io\smallrye\config\smallrye-config\2.3.0\smallrye-config-2.3.0.jar;C:\Users\rayga\.m2\repository\io\smallrye\config\smallrye-config-core\2.3.0\smallrye-config-core-2.3.0.jar;C:\Users\rayga\.m2\repository\org\eclipse\microprofile\config\microprofile-config-api\2.0\microprofile-config-api-2.0.jar;C:\Users\rayga\.m2\repository\io\smallrye\common\smallrye-common-annotation\1.6.0\smallrye-common-annotation-1.6.0.jar;C:\Users\rayga\.m2\repository\io\smallrye\common\smallrye-common-expression\1.6.0\smallrye-common-expression-1.6.0.jar;C:\Users\rayga\.m2\repository\io\smallrye\common\smallrye-common-function\1.6.0\smallrye-common-function-1.6.0.jar;C:\Users\rayga\.m2\repository\io\smallrye\common\smallrye-common-constraint\1.6.0\smallrye-common-constraint-1.6.0.jar;C:\Users\rayga\.m2\repository\io\smallrye\common\smallrye-common-classloader\1.6.0\smallrye-common-classloader-1.6.0.jar;C:\Users\rayga\.m2\repository\io\smallrye\config\smallrye-config-common\2.3.0\smallrye-config-common-2.3.0.jar;C:\Users\rayga\.m2\repository\org\jboss\logmanager\jboss-logmanager-embedded\1.0.9\jboss-logmanager-embedded-1.0.9.jar;C:\Users\rayga\.m2\repository\org\jboss\logging\jboss-logging-annotations\2.2.1.Final\jboss-logging-annotations-2.2.1.Final.jar;C:\Users\rayga\.m2\repository\org\jboss\threads\jboss-threads\3.4.0.Final\jboss-threads-3.4.0.Final.jar;C:\Users\rayga\.m2\repository\org\slf4j\slf4j-api\1.7.30\slf4j-api-1.7.30.jar;C:\Users\rayga\.m2\repository\org\jboss\slf4j\slf4j-jboss-logmanager\1.1.0.Final\slf4j-jboss-logmanager-1.1.0.Final.jar;C:\Users\rayga\.m2\repository\io\quarkus\quarkus-bootstrap-runner\2.0.0.Final\quarkus-bootstrap-runner-2.0.0.Final.jar;C:\Users\rayga\.m2\repository\io\quarkus\quarkus-test-common\2.0.0.Final\quarkus-test-common-2.0.0.Final.jar;C:\Users\rayga\.m2\repository\io\quarkus\quarkus-jsonp-deployment\2.0.0.Final\quarkus-jsonp-deployment-2.0.0.Final.jar;C:\Users\rayga\.m2\repository\io\quarkus\quarkus-jsonp\2.0.0.Final\quarkus-jsonp-2.0.0.Final.jar;C:\Users\rayga\.m2\repository\org\glassfish\jakarta.json\1.1.6\jakarta.json-1.1.6.jar;C:\Users\rayga\.m2\repository\org\jboss\logging\commons-logging-jboss-logging\1.0.0.Final\commons-logging-jboss-logging-1.0.0.Final.jar;C:\Users\rayga\.m2\repository\jakarta\enterprise\jakarta.enterprise.cdi-api\2.0.2\jakarta.enterprise.cdi-api-2.0.2.jar;C:\Users\rayga\.m2\repository\jakarta\el\jakarta.el-api\3.0.3\jakarta.el-api-3.0.3.jar;C:\Users\rayga\.m2\repository\jakarta\interceptor\jakarta.interceptor-api\1.2.5\jakarta.interceptor-api-1.2.5.jar;C:\Users\rayga\.m2\repository\io\quarkus\quarkus-devtools-utilities\2.0.0.Final\quarkus-devtools-utilities-2.0.0.Final.jar;C:\Users\rayga\.m2\repository\org\scala-lang\scala3-compiler_3\3.0.1-RC2\scala3-compiler_3-3.0.1-RC2.jar;C:\Users\rayga\.m2\repository\org\scala-lang\scala3-interfaces\3.0.1-RC2\scala3-interfaces-3.0.1-RC2.jar;C:\Users\rayga\.m2\repository\org\scala-lang\scala3-library_3\3.0.1-RC2\scala3-library_3-3.0.1-RC2.jar;C:\Users\rayga\.m2\repository\org\scala-lang\scala-library\2.12.13\scala-library-2.12.13.jar;C:\Users\rayga\.m2\repository\org\scala-lang\tasty-core_3\3.0.1-RC2\tasty-core_3-3.0.1-RC2.jar;C:\Users\rayga\.m2\repository\org\scala-lang\modules\scala-asm\9.1.0-scala-1\scala-asm-9.1.0-scala-1.jar;C:\Users\rayga\.m2\repository\org\scala-sbt\compiler-interface\1.3.5\compiler-interface-1.3.5.jar;C:\Users\rayga\.m2\repository\com\google\protobuf\protobuf-java\3.14.0\protobuf-java-3.14.0.jar;C:\Users\rayga\.m2\repository\org\scala-sbt\util-interface\1.3.0\util-interface-1.3.0.jar;C:\Users\rayga\.m2\repository\org\jline\jline-reader\3.19.0\jline-reader-3.19.0.jar;C:\Users\rayga\.m2\repository\org\jline\jline-terminal\3.19.0\jline-terminal-3.19.0.jar;C:\Users\rayga\.m2\repository\org\jline\jline-terminal-jna\3.19.0\jline-terminal-jna-3.19.0.jar;C:\Users\rayga\.m2\repository\net\java\dev\jna\jna\5.3.1\jna-5.3.1.jar;"/>
    <property name="sun.cpu.endian" value="little"/>
    <property name="user.home" value="C:\Users\rayga"/>
    <property name="user.language" value="en"/>
    <property name="java.specification.vendor" value="Oracle Corporation"/>
    <property name="java.version.date" value="2021-04-20"/>
    <property name="java.home" value="C:\GraalVM\graalvm-ce-java11-21.2.0-dev"/>
    <property name="file.separator" value="\"/>
    <property name="maven.repo" value="C:\Users\rayga\.m2\repository"/>
    <property name="basedir" value="C:\Users\rayga\Projects\tmp\quarkus-scala-three\deployment"/>
    <property name="java.vm.compressedOopsMode" value="Zero based"/>
    <property name="line.separator" value="&#10;"/>
    <property name="jdk.internal.vm.ci.enabled" value="true"/>
    <property name="java.specification.name" value="Java Platform API Specification"/>
    <property name="java.vm.specification.vendor" value="Oracle Corporation"/>
    <property name="java.awt.graphicsenv" value="sun.awt.Win32GraphicsEnvironment"/>
    <property name="surefire.real.class.path" value="C:\Users\rayga\AppData\Local\Temp\surefire14251770010065551019\surefirebooter15508569741579400166.jar"/>
    <property name="user.script" value=""/>
    <property name="sun.management.compiler" value="HotSpot 64-Bit Tiered Compilers"/>
    <property name="java.runtime.version" value="11.0.11+8-jvmci-21.2-b02"/>
    <property name="user.name" value="rayga"/>
    <property name="path.separator" value=";"/>
    <property name="os.version" value="10.0"/>
    <property name="java.runtime.name" value="OpenJDK Runtime Environment"/>
    <property name="file.encoding" value="Cp1252"/>
    <property name="java.vm.name" value="OpenJDK 64-Bit Server VM"/>
    <property name="java.vendor.version" value="GraalVM CE 21.2.0-dev"/>
    <property name="localRepository" value="C:\Users\rayga\.m2\repository"/>
    <property name="java.vendor.url.bug" value="https://github.com/oracle/graal/issues"/>
    <property name="java.io.tmpdir" value="C:\Users\rayga\AppData\Local\Temp\"/>
    <property name="quarkus.log.file.path" value="target\target\quarkus.log"/>
    <property name="java.version" value="11.0.11"/>
    <property name="user.dir" value="C:\Users\rayga\Projects\tmp\quarkus-scala-three\deployment"/>
    <property name="os.arch" value="amd64"/>
    <property name="java.vm.specification.name" value="Java Virtual Machine Specification"/>
    <property name="java.awt.printerjob" value="sun.awt.windows.WPrinterJob"/>
    <property name="sun.os.patch.level" value=""/>
    <property name="java.util.logging.manager" value="org.jboss.logmanager.LogManager"/>
    <property name="java.library.path" value="C:\GraalVM\graalvm-ce-java11-21.2.0-dev\bin;C:\WINDOWS\Sun\Java\bin;C:\WINDOWS\system32;C:\WINDOWS;C:\Users\rayga\.deno\bin;C:\Users\rayga\bin;C:\Program Files\Git\usr\local\bin;C:\Program Files\Git\usr\bin;C:\Program Files\Git\usr\bin;C:\Program Files\Git\opt\bin;C:\Users\rayga\Projects\tmp\llvm-project\llvm-13.0.0-msbuild-vs2019-x64-rel\bin;C:\Program Files\LLVM\bin;XXXC;C:\Program Files\Git\Program Files\AdoptOpenJDK\jdk-15.0.1.9-hotspot\bin;C:\GraalVM\graalvm-ce-java11-21.2.0-dev\bin;C:\Program Files (x86)\Embarcadero\Studio\20.0\bin;C:\Users\Public\Documents\Embarcadero\Studio\20.0\Bpl;C:\Program Files (x86)\Embarcadero\Studio\20.0\bin64;C:\Users\Public\Documents\Embarcadero\Studio\20.0\Bpl\Win64;C:\Program Files (x86)\Common Files\Intel\Shared Libraries\redist\intel64_win\compiler;C:\Windows\system32;C:\Windows;C:\Windows\System32\Wbem;C:\Windows\System32\WindowsPowerShell\v1.0;C:\Windows\System32\OpenSSH;C:\Program Files\NVIDIA Corporation\NVIDIA NvDLISR;C:\Program Files (x86)\NVIDIA Corporation\PhysX\Common;C:\Program Files\Csound6_x64\bin;C:\Program Files\ffmpeg\ffmpeg-4.3.1-2020-11-19-full_build\bin;C:\Program Files\cmder;C:\Program Files\Git\cmd;C:\Users\rayga\AppData\Roaming\Python\Python38\Scripts;C:\Users\rayga\AppData\Roaming\nvm;C:\Program Files\nodejs;C:\Program Files (x86)\Google\Cloud SDK\google-cloud-sdk\bin;C:\Go\bin;C:\WINDOWS\system32;C:\WINDOWS;C:\WINDOWS\System32\Wbem;C:\WINDOWS\System32\WindowsPowerShell\v1.0;C:\WINDOWS\System32\OpenSSH;C:\Program Files\Meson;C:\Program Files\xmake;C:\Program Files (x86)\IncrediBuild;C:\Program Files\dotnet;C:\Program Files\Microsoft SQL Server\130\Tools\Binn;C:\Program Files\Microsoft SQL Server\Client SDK\ODBC\170\Tools\Binn;C:\Library\Swift-development\bin;C:\Library\icu-67\usr\bin;C:\Program Files\Docker\Docker\resources\bin;C:\ProgramData\DockerDesktop\version-bin;C:\Library\Developer\Toolchains\unknown-Asserts-development.xctoolchain\usr\bin;C:\Users\rayga\.deno\bin;C:\Users\rayga\scoop\apps\nodejs\current\bin;C:\Users\rayga\scoop\apps\nodejs\current;C:\Users\rayga\scoop\shims;C:\D\LDC 1.26\bin;C:\Ruby30-x64\bin;C:\Users\rayga\.cargo\bin;C:\Users\rayga\.poetry\bin;C:\Users\rayga\AppData\Local\Programs\Python\Python39\Scripts;C:\Users\rayga\AppData\Local\Programs\Python\Python39;C:\Users\rayga\AppData\Local\Programs\Python\Python38\Scripts;C:\Users\rayga\AppData\Local\Programs\Python\Python38;C:\Users\rayga\AppData\Local\Microsoft\WindowsApps;C:\Users\rayga\AppData\Local\Programs\Microsoft VS Code Insiders\bin;C:\Users\rayga\.local\bin;C:\Users\rayga\go\bin;C:\msys64\mingw64\bin;C:\XXXProgram Files\mingw-w64\x86_64-8.1.0-posix-seh-rt_v6-rev0\mingw64\bin;C:\XXXProgram Files\mingw-w64\x86_64-8.1.0-posix-seh-rt_v6-rev0\mingw64\x86_64-w64-mingw32\bin;C:\XXXUsers\rayga\.nimble\bin;C:\Program Files\CMake\bin;C:\Users\rayga\xmake;C:\Users\rayga\Projects\vcpkg;C:\XXXQt\6.0.2\mingw81_64\bin;C:\Users\rayga\.dotnet\tools;C:\Zig\zig-windows-x86_64-0.8.0-dev.2272+d98e39fa6;C:\GNAT\2021\bin;C:\D\dmd-2.096.0\windows\bin64;C:\Users\rayga\.dotnet\tools;C:\Program Files\Gradle\gradle-6.8.3\bin;C:\Program Files (x86)\Microsoft Visual Studio\2019\Preview\VC\Tools\Llvm\x64\bin\13;C:\Users\rayga\AppData\Local\Microsoft\WindowsApps;C:\Program Files\Neovim\bin;C:\Qt\Qt5.12.10\5.12.10\msvc2017_64\bin;C:\scala3-3.0.1-RC1\bin;C:\Users\rayga\null\Coursier\data\bin;C:\Users\rayga\.dotnet\tools;C:\Program Files\apache-maven-3.8.1\bin;C:\Users\rayga\.local\bin\null\Coursier\data\bin;C:\Program Files\Git\usr\bin\vendor_perl;C:\Program Files\Git\usr\bin\core_perl;."/>
    <property name="java.vm.info" value="mixed mode, sharing"/>
    <property name="java.vendor" value="GraalVM Community"/>
    <property name="java.vm.version" value="11.0.11+8-jvmci-21.2-b02"/>
    <property name="sun.io.unicode.encoding" value="UnicodeLittle"/>
    <property name="java.class.version" value="55.0"/>
  </properties>
  <testcase name="writeYourOwnUnitTest" classname="org.acme.quarkus.scala.three.test.QuarkusScalaThreeTest" time="0.002">
    <system-out><![CDATA[2021-06-30 21:13:50,375 INFO  [io.quarkus] (main) Quarkus 2.0.0.Final on JVM started in 0.097s. 
2021-06-30 21:13:50,376 INFO  [io.quarkus] (main) Profile test activated. 
2021-06-30 21:13:50,376 INFO  [io.quarkus] (main) Installed features: [cdi]
]]></system-out>
  </testcase>
</testsuite>